<?xml version="1.0" encoding="UTF-8" ?>
<testsuite errors="0" failures="1" hostname="User" name="math.MathOperationsTest" skipped="0" tests="7" time="1.39" timestamp="2018-04-28T18:21:26">
  <properties>
    <property name="java.vendor" value="Oracle Corporation" />
    <property name="hamcrest.jar" value="C:\Users\UserPC\Documents\NetBeansProjects\Test Project\test_analysis\lib\hamcrest-core-1.3.jar" />
    <property name="sun.java.launcher" value="SUN_STANDARD" />
    <property name="sun.management.compiler" value="HotSpot Client Compiler" />
    <property name="os.name" value="Windows 10" />
    <property name="sun.boot.class.path" value="C:\Program Files (x86)\Java\jdk1.8.0_60\jre\lib\resources.jar;C:\Program Files (x86)\Java\jdk1.8.0_60\jre\lib\rt.jar;C:\Program Files (x86)\Java\jdk1.8.0_60\jre\lib\sunrsasign.jar;C:\Program Files (x86)\Java\jdk1.8.0_60\jre\lib\jsse.jar;C:\Program Files (x86)\Java\jdk1.8.0_60\jre\lib\jce.jar;C:\Program Files (x86)\Java\jdk1.8.0_60\jre\lib\charsets.jar;C:\Program Files (x86)\Java\jdk1.8.0_60\jre\lib\jfr.jar;C:\Program Files (x86)\Java\jdk1.8.0_60\jre\classes" />
    <property name="sun.desktop" value="windows" />
    <property name="java.vm.specification.vendor" value="Oracle Corporation" />
    <property name="ant.home" value="C:\Program Files\apache-ant-1.10.1" />
    <property name="java.runtime.version" value="1.8.0_60-b27" />
    <property name="user.name" value="UserPC" />
    <property name="user.language" value="en" />
    <property name="sun.boot.library.path" value="C:\Program Files (x86)\Java\jdk1.8.0_60\jre\bin" />
    <property name="ant.project.default-target" value="test" />
    <property name="ant.project.name" value="Clover_Report" />
    <property name="java.version" value="1.8.0_60" />
    <property name="user.timezone" value="" />
    <property name="sun.arch.data.model" value="32" />
    <property name="java.endorsed.dirs" value="C:\Program Files (x86)\Java\jdk1.8.0_60\jre\lib\endorsed" />
    <property name="sun.cpu.isalist" value="pentium_pro+mmx pentium_pro pentium+mmx pentium i486 i386 i86" />
    <property name="sun.jnu.encoding" value="Cp1251" />
    <property name="file.encoding.pkg" value="sun.io" />
    <property name="file.separator" value="\" />
    <property name="java.specification.name" value="Java Platform API Specification" />
    <property name="build.testresults" value="C:\Users\UserPC\Documents\NetBeansProjects\Test Project\test_analysis\build\testresults" />
    <property name="clover.initstring" value="C:\Users\UserPC\Documents\NetBeansProjects\Test Project\test_analysis\.clover\clover4_2_0.db" />
    <property name="java.class.version" value="52.0" />
    <property name="user.country" value="US" />
    <property name="java.home" value="C:\Program Files (x86)\Java\jdk1.8.0_60\jre" />
    <property name="java.vm.info" value="mixed mode" />
    <property name="ant.file" value="C:\Users\UserPC\Documents\NetBeansProjects\Test Project\test_analysis\build.xml" />
    <property name="os.version" value="10.0" />
    <property name="path.separator" value=";" />
    <property name="java.vm.version" value="25.60-b23" />
    <property name="user.variant" value="" />
    <property name="ant.library.dir" value="C:\Program Files\apache-ant-1.10.1\lib" />
    <property name="clover.jar" value="C:\Users\UserPC\Documents\NetBeansProjects\Test Project\test_analysis\clover.jar" />
    <property name="java.awt.printerjob" value="sun.awt.windows.WPrinterJob" />
    <property name="sun.io.unicode.encoding" value="UnicodeLittle" />
    <property name="awt.toolkit" value="sun.awt.windows.WToolkit" />
    <property name="ant.file.Clover_Report" value="C:\Users\UserPC\Documents\NetBeansProjects\Test Project\test_analysis\build.xml" />
    <property name="user.script" value="" />
    <property name="user.home" value="C:\Users\UserPC" />
    <property name="java.specification.vendor" value="Oracle Corporation" />
    <property name="java.library.path" value="C:\Program Files (x86)\Java\jdk1.8.0_60\jre\bin;C:\WINDOWS\Sun\Java\bin;C:\WINDOWS\system32;C:\WINDOWS;C:\Program Files\Haskell\bin;C:\Program Files\Haskell Platform\8.0.1\lib\extralibs\bin;C:\Program Files\Haskell Platform\8.0.1\bin;C:\ProgramData\Oracle\Java\javapath;C:\Program Files (x86)\Intel\iCLS Client\;C:\Program Files\Intel\iCLS Client\;C:\WINDOWS\system32;C:\WINDOWS;C:\WINDOWS\System32\Wbem;C:\WINDOWS\System32\WindowsPowerShell\v1.0\;C:\Program Files\Intel\WiFi\bin\;C:\Program Files\Common Files\Intel\WirelessCommon\;C:\Program Files\Intel\Intel(R) Management Engine Components\DAL;C:\Program Files (x86)\Intel\Intel(R) Management Engine Components\DAL;C:\Program Files\Intel\Intel(R) Management Engine Components\IPT;C:\Program Files (x86)\Intel\Intel(R) Management Engine Components\IPT;C:\Program Files (x86)\Windows Kits\8.1\Windows Performance Toolkit\;C:\Program Files\Microsoft SQL Server\110\Tools\Binn\;C:\Program Files (x86)\Microsoft SDKs\TypeScript\1.0\;C:\Program Files\jEdit;C:\Program Files (x86)\Skype\Phone\;C:\Users\UserPC\Documents\DevKit\bin;C:\Program Files\Microsoft SQL Server\130\Tools\Binn\;C:\Program Files\nodejs\;C:\Program Files\Haskell Platform\8.0.1\mingw\bin;C:\Program Files\MySQL\MySQL Utilities 1.6\;C:\Program Files\apache-ant-1.10.1\bin;C:\Program Files (x86)\sbt\bin;C:\Program Files\apache-maven-3.5.3\bin;C:\Users\UserPC\Anaconda3;C:\Users\UserPC\Anaconda3\Scripts;C:\Users\UserPC\Anaconda3\Library\bin;C:\Users\UserPC\AppData\Roaming\cabal\bin;C:\Users\UserPC\AppData\Roaming\local\bin;C:\Ruby22-x64\bin;C:\Program Files (x86)\Java\jdk1.8.0_60\bin;C:\Users\UserPC\AppData\Local\Programs\Git\cmd;C:\Users\UserPC\AppData\Roaming\npm;C:\Users\UserPC\AppData\Local\Microsoft\WindowsApps;;." />
    <property name="java.vendor.url" value="http://java.oracle.com/" />
    <property name="java.vm.vendor" value="Oracle Corporation" />
    <property name="java.runtime.name" value="Java(TM) SE Runtime Environment" />
    <property name="sun.java.command" value="org.apache.tools.ant.taskdefs.optional.junit.JUnitTestRunner math.MathOperationsTest skipNonTests=false filtertrace=true haltOnError=false haltOnFailure=false formatter=org.apache.tools.ant.taskdefs.optional.junit.SummaryJUnitResultFormatter showoutput=true outputtoformatters=true logfailedtests=true threadid=0 logtestlistenerevents=false formatter=org.apache.tools.ant.taskdefs.optional.junit.XMLJUnitResultFormatter,C:\Users\UserPC\Documents\NetBeansProjects\Test Project\test_analysis\build\testresults\TEST-math.MathOperationsTest.xml crashfile=C:\Users\UserPC\Documents\NetBeansProjects\Test Project\test_analysis\junitvmwatcher8938337625065350373.properties propsfile=C:\Users\UserPC\Documents\NetBeansProjects\Test Project\test_analysis\junit8083841460913903863.properties" />
    <property name="java.class.path" value="C:\Users\UserPC\Documents\NetBeansProjects\Test Project\test_analysis\clover.jar;C:\Users\UserPC\Documents\NetBeansProjects\Test Project\test_analysis\build\classes;C:\Users\UserPC\Documents\NetBeansProjects\Test Project\test_analysis\lib\junit-4.12.jar;C:\Users\UserPC\Documents\NetBeansProjects\Test Project\test_analysis\lib\hamcrest-core-1.3.jar;C:\Users\UserPC\Documents\NetBeansProjects\Test Project\test_analysis\build\testclasses;C:\Users\UserPC\Documents\NetBeansProjects\Test Project\test_analysis;C:\Program Files (x86)\Java\jdk1.8.0_60\lib;C:\Program Files (x86)\Java\jdk1.8.0_60\jre\lib;C:\Program Files\apache-ant-1.10.1\lib\ant-launcher.jar;C:\Program Files\apache-ant-1.10.1\lib\ant.jar;C:\Program Files\apache-ant-1.10.1\lib\ant-junit.jar;C:\Program Files\apache-ant-1.10.1\lib\ant-junit4.jar" />
    <property name="ant.version" value="Apache Ant(TM) version 1.10.1 compiled on February 2 2017" />
    <property name="build.testclasses" value="C:\Users\UserPC\Documents\NetBeansProjects\Test Project\test_analysis\build\testclasses" />
    <property name="java.vm.specification.name" value="Java Virtual Machine Specification" />
    <property name="ant.file.type" value="file" />
    <property name="java.vm.specification.version" value="1.8" />
    <property name="junit.jar" value="C:\Users\UserPC\Documents\NetBeansProjects\Test Project\test_analysis\lib\junit-4.12.jar" />
    <property name="build.classes" value="C:\Users\UserPC\Documents\NetBeansProjects\Test Project\test_analysis\build\classes" />
    <property name="sun.cpu.endian" value="little" />
    <property name="sun.os.patch.level" value="" />
    <property name="ant.file.type.Clover_Report" value="file" />
    <property name="java.io.tmpdir" value="C:\Users\UserPC\AppData\Local\Temp\" />
    <property name="java.vendor.url.bug" value="http://bugreport.sun.com/bugreport/" />
    <property name="clover.jarpath" value="C:\Users\UserPC\Documents\NetBeansProjects\Test Project\test_analysis\clover.jar" />
    <property name="os.arch" value="x86" />
    <property name="java.awt.graphicsenv" value="sun.awt.Win32GraphicsEnvironment" />
    <property name="java.ext.dirs" value="C:\Program Files (x86)\Java\jdk1.8.0_60\jre\lib\ext;C:\WINDOWS\Sun\Java\lib\ext" />
    <property name="user.dir" value="C:\Users\UserPC\Documents\NetBeansProjects\Test Project\test_analysis" />
    <property name="line.separator" value="&#xd;&#xa;" />
    <property name="java.vm.name" value="Java HotSpot(TM) Client VM" />
    <property name="basedir" value="C:\Users\UserPC\Documents\NetBeansProjects\Test Project\test_analysis" />
    <property name="ant.java.version" value="1.8" />
    <property name="ant.core.lib" value="C:\Program Files\apache-ant-1.10.1\lib\ant.jar" />
    <property name="file.encoding" value="Cp1251" />
    <property name="build.compiler" value="com.atlassian.clover.ant.taskdefs.CloverCompilerAdapter" />
    <property name="java.specification.version" value="1.8" />
    <property name="ant.project.invoked-targets" value="test" />
  </properties>
  <testcase classname="math.MathOperationsTest" name="testAbsolute" time="0.374" />
  <testcase classname="math.MathOperationsTest" name="testAdd" time="0.019" />
  <testcase classname="math.MathOperationsTest" name="testSubtract" time="0.017" />
  <testcase classname="math.MathOperationsTest" name="testDivide" time="0.017" />
  <testcase classname="math.MathOperationsTest" name="testMultiply" time="0.008" />
  <testcase classname="math.MathOperationsTest" name="testModulo" time="0.074">
    <failure message="expected:&lt;2&gt; but was:&lt;0&gt;" type="junit.framework.AssertionFailedError">junit.framework.AssertionFailedError: expected:&lt;2&gt; but was:&lt;0&gt;
	at math.MathOperationsTest.__CLR4_2_0rbytjl1x(MathOperationsTest.java:58)
	at math.MathOperationsTest.testModulo(MathOperationsTest.java:57)
</failure>
  </testcase>
  <testcase classname="math.MathOperationsTest" name="testNegate" time="0.012" />
  <system-out><![CDATA[10
5
]]></system-out>
  <system-err><![CDATA[]]></system-err>
</testsuite>
